<?xml version="1.0" encoding="UTF-8"?>
<!-- Generated by org.testng.reporters.JUnitReportReporter -->
<testsuite hostname="Dooby" failures="0" tests="4" name="testcases.CarPriceTest" time="55.176" errors="0" timestamp="2021-04-12T17:28:44 IST" skipped="0">
  <testcase classname="testcases.CarPriceTest" name="findCartest" time="15.163"/>
  <system-out/>
  <testcase classname="testcases.CarPriceTest" name="findCartest" time="14.464"/>
  <system-out/>
  <testcase classname="testcases.CarPriceTest" name="findCartest" time="13.368"/>
  <system-out/>
  <testcase classname="testcases.CarPriceTest" name="findCartest" time="12.181"/>
  <system-out/>
</testsuite> <!-- testcases.CarPriceTest -->
