<?xml version="1.0" encoding="UTF-8"?>
<!-- Generated by org.testng.reporters.JUnitReportReporter -->
<testsuite hostname="Dooby" failures="0" tests="4" name="testcases.FindCarTest" time="47.778" errors="0" timestamp="2021-04-12T17:28:44 IST" skipped="0">
  <testcase classname="testcases.FindCarTest" name="findCartest" time="11.667"/>
  <system-out/>
  <testcase classname="testcases.FindCarTest" name="findCartest" time="12.404"/>
  <system-out/>
  <testcase classname="testcases.FindCarTest" name="findCartest" time="11.883"/>
  <system-out/>
  <testcase classname="testcases.FindCarTest" name="findCartest" time="11.824"/>
  <system-out/>
</testsuite> <!-- testcases.FindCarTest -->
