<?xml version="1.0" encoding="UTF-8"?>
<!-- Generated by org.testng.reporters.JUnitReportReporter -->
<testsuite hostname="Dooby" failures="0" tests="4" name="testcases.FindCarTest" time="166.654" errors="0" timestamp="2021-04-19T19:45:28 IST" skipped="0">
  <testcase classname="testcases.FindCarTest" name="findCartest" time="86.930"/>
  <system-out/>
  <testcase classname="testcases.FindCarTest" name="findCartest" time="34.087"/>
  <system-out/>
  <testcase classname="testcases.FindCarTest" name="findCartest" time="14.789"/>
  <system-out/>
  <testcase classname="testcases.FindCarTest" name="findCartest" time="30.848"/>
  <system-out/>
</testsuite> <!-- testcases.FindCarTest -->
