<?xml version="1.0" encoding="UTF-8"?>
<!-- Generated by org.testng.reporters.JUnitReportReporter -->
<testsuite hostname="Dooby" failures="0" tests="4" name="testcases.CarPriceTest" time="67.992" errors="0" timestamp="2021-04-19T19:45:28 IST" skipped="0">
  <testcase classname="testcases.CarPriceTest" name="findCartest" time="18.502"/>
  <system-out/>
  <testcase classname="testcases.CarPriceTest" name="findCartest" time="23.032"/>
  <system-out/>
  <testcase classname="testcases.CarPriceTest" name="findCartest" time="13.291"/>
  <system-out/>
  <testcase classname="testcases.CarPriceTest" name="findCartest" time="13.167"/>
  <system-out/>
</testsuite> <!-- testcases.CarPriceTest -->
