<?xml version="1.0" encoding="UTF-8"?>
<!-- Generated by org.testng.reporters.JUnitReportReporter -->
<testsuite hostname="Dooby" failures="0" tests="4" name="testcases.CarPriceTest" time="56.003" errors="0" timestamp="2021-04-13T12:23:00 IST" skipped="0">
  <testcase classname="testcases.CarPriceTest" name="findCartest" time="15.417"/>
  <system-out/>
  <testcase classname="testcases.CarPriceTest" name="findCartest" time="14.675"/>
  <system-out/>
  <testcase classname="testcases.CarPriceTest" name="findCartest" time="13.439"/>
  <system-out/>
  <testcase classname="testcases.CarPriceTest" name="findCartest" time="12.472"/>
  <system-out/>
</testsuite> <!-- testcases.CarPriceTest -->
