<?xml version="1.0" encoding="UTF-8"?>
<!-- Generated by org.testng.reporters.JUnitReportReporter -->
<testsuite hostname="Dooby" failures="0" tests="4" name="testcases.CarPriceTest" time="59.112" errors="0" timestamp="2021-04-13T13:07:36 IST" skipped="0">
  <testcase classname="testcases.CarPriceTest" name="findCartest" time="15.276"/>
  <system-out/>
  <testcase classname="testcases.CarPriceTest" name="findCartest" time="15.374"/>
  <system-out/>
  <testcase classname="testcases.CarPriceTest" name="findCartest" time="14.623"/>
  <system-out/>
  <testcase classname="testcases.CarPriceTest" name="findCartest" time="13.839"/>
  <system-out/>
</testsuite> <!-- testcases.CarPriceTest -->
