<?xml version="1.0" encoding="UTF-8"?>
<!-- Generated by org.testng.reporters.JUnitReportReporter -->
<testsuite hostname="Dooby" failures="0" tests="4" name="testcases.FindCarTest" time="49.073" errors="0" timestamp="2021-04-13T12:23:00 IST" skipped="0">
  <testcase classname="testcases.FindCarTest" name="findCartest" time="12.002"/>
  <system-out/>
  <testcase classname="testcases.FindCarTest" name="findCartest" time="12.101"/>
  <system-out/>
  <testcase classname="testcases.FindCarTest" name="findCartest" time="11.304"/>
  <system-out/>
  <testcase classname="testcases.FindCarTest" name="findCartest" time="13.666"/>
  <system-out/>
</testsuite> <!-- testcases.FindCarTest -->
