<?xml version="1.0" encoding="UTF-8"?>
<!-- Generated by org.testng.reporters.JUnitReportReporter -->
<testsuite hostname="Dooby" failures="0" tests="4" name="testcases.FindCarTest" time="53.528" errors="0" timestamp="2021-04-13T13:07:36 IST" skipped="0">
  <testcase classname="testcases.FindCarTest" name="findCartest" time="12.363"/>
  <system-out/>
  <testcase classname="testcases.FindCarTest" name="findCartest" time="12.068"/>
  <system-out/>
  <testcase classname="testcases.FindCarTest" name="findCartest" time="14.010"/>
  <system-out/>
  <testcase classname="testcases.FindCarTest" name="findCartest" time="15.087"/>
  <system-out/>
</testsuite> <!-- testcases.FindCarTest -->
